SF:lib\model\model_maintenance.dart
DA:6,3
DA:8,3
DA:9,3
DA:10,3
DA:11,3
DA:12,3
LF:6
LH:6
end_of_record
SF:lib\model\model.dart
DA:23,3
DA:41,1
DA:42,1
DA:43,1
DA:44,1
DA:45,1
DA:46,1
DA:47,1
DA:48,1
DA:49,1
DA:50,1
DA:51,1
DA:52,1
DA:53,1
DA:54,1
DA:55,1
DA:56,1
DA:57,1
LF:18
LH:18
end_of_record
SF:lib\service\firebase_service.dart
DA:7,2
DA:11,1
DA:12,6
DA:13,1
DA:14,1
DA:15,1
DA:16,1
DA:17,1
DA:18,1
DA:19,1
DA:20,1
DA:21,1
DA:22,1
DA:23,1
DA:24,1
DA:25,1
DA:26,1
DA:27,1
DA:28,1
DA:32,1
DA:33,5
DA:34,4
DA:37,1
DA:38,5
DA:41,2
DA:43,2
DA:44,2
DA:45,2
DA:46,4
DA:49,1
DA:50,1
DA:51,1
DA:52,1
DA:53,1
DA:54,1
DA:55,1
DA:59,1
DA:60,1
DA:61,1
DA:62,1
DA:63,1
DA:64,1
DA:65,1
DA:66,1
DA:70,1
DA:71,1
DA:72,1
DA:73,1
DA:74,1
DA:75,1
DA:76,1
DA:77,1
DA:81,1
DA:82,1
DA:83,1
DA:84,1
DA:85,1
DA:86,1
DA:87,1
DA:88,1
DA:92,1
DA:93,1
DA:94,1
DA:95,1
DA:96,1
DA:97,1
DA:98,1
DA:99,1
DA:103,1
DA:104,1
DA:105,1
DA:106,1
DA:107,1
DA:108,1
DA:109,1
DA:110,1
DA:114,1
DA:115,1
DA:116,1
DA:117,1
DA:118,1
DA:119,1
DA:120,1
DA:121,1
DA:125,1
DA:126,1
DA:127,1
DA:128,3
DA:129,1
DA:130,1
LF:90
LH:90
end_of_record
SF:lib\variable.dart
DA:7,3
DA:8,3
DA:10,3
DA:11,3
DA:12,3
DA:21,3
DA:27,0
DA:31,3
DA:32,1
DA:33,1
DA:34,1
DA:36,3
DA:37,3
DA:38,3
DA:42,3
DA:43,3
DA:44,3
DA:45,3
DA:46,3
DA:57,0
DA:58,0
DA:69,3
DA:70,3
DA:71,3
DA:72,3
DA:80,3
DA:81,3
DA:83,3
DA:84,3
LF:29
LH:26
end_of_record
SF:lib\provider\add_data.dart
DA:9,2
DA:11,1
DA:12,2
DA:13,1
DA:14,1
LF:5
LH:5
end_of_record
SF:lib\provider\count_data.dart
DA:8,1
DA:10,1
DA:11,2
DA:12,1
DA:15,1
DA:16,2
DA:17,1
DA:20,1
DA:21,2
DA:22,1
DA:25,1
DA:26,2
DA:27,1
DA:30,1
DA:31,2
DA:32,1
DA:35,1
DA:36,2
DA:37,1
DA:40,1
DA:41,2
DA:42,1
DA:45,1
DA:46,2
DA:47,1
LF:25
LH:25
end_of_record
SF:lib\provider\edit_data.dart
DA:9,2
DA:11,1
DA:12,2
DA:13,1
DA:14,1
LF:5
LH:5
end_of_record
SF:lib\provider\list_data.dart
DA:10,2
DA:12,2
DA:13,9
DA:14,3
DA:15,1
DA:16,1
DA:17,1
DA:18,1
DA:19,1
DA:20,1
DA:21,1
DA:22,1
DA:23,1
DA:24,1
DA:25,1
DA:26,1
DA:27,1
DA:28,4
DA:29,4
DA:30,4
DA:31,4
DA:32,1
DA:36,1
DA:47,2
DA:50,1
DA:53,1
DA:56,1
DA:59,1
DA:62,1
DA:65,1
DA:67,1
DA:68,1
DA:70,1
DA:71,2
DA:73,1
DA:74,1
DA:78,2
DA:79,0
DA:80,0
DA:81,0
DA:82,0
DA:83,0
DA:84,0
DA:85,0
DA:86,0
DA:87,0
DA:88,0
DA:89,0
DA:90,0
DA:91,0
DA:92,0
DA:93,0
DA:94,0
DA:95,0
DA:96,0
DA:97,0
LF:56
LH:37
end_of_record
SF:lib\asset\ga_page\add_report_ga.dart
DA:17,4
DA:19,1
DA:20,1
DA:24,1
DA:26,4
DA:27,2
DA:28,8
DA:29,1
DA:32,0
DA:33,0
DA:35,0
DA:36,0
DA:39,0
DA:40,0
DA:49,0
DA:50,0
DA:51,0
DA:52,0
DA:53,0
DA:55,0
DA:56,0
DA:58,0
DA:59,0
DA:60,0
DA:61,0
DA:65,0
DA:69,0
DA:70,0
DA:71,0
DA:75,0
DA:86,0
DA:87,0
DA:90,0
DA:91,0
DA:93,0
DA:107,0
DA:108,0
DA:110,0
DA:116,1
DA:118,1
DA:119,1
DA:127,1
DA:132,0
DA:133,0
DA:134,0
DA:138,1
DA:139,1
DA:140,1
DA:141,1
DA:142,1
DA:145,1
DA:149,1
DA:150,1
DA:151,1
DA:155,1
DA:157,1
DA:158,1
DA:159,1
DA:165,1
DA:166,1
DA:171,1
DA:173,1
DA:174,1
DA:175,1
DA:181,1
DA:182,1
DA:189,1
DA:191,1
DA:192,1
DA:193,1
DA:199,1
DA:200,1
DA:207,1
DA:209,1
DA:210,1
DA:211,1
DA:217,1
DA:218,1
DA:221,0
DA:222,0
DA:223,0
DA:224,0
DA:225,0
DA:227,0
DA:228,0
DA:237,0
DA:238,0
DA:239,0
DA:242,0
DA:243,0
DA:244,0
DA:252,1
DA:254,1
DA:257,1
DA:258,3
DA:260,1
DA:262,1
DA:263,0
DA:264,0
DA:279,1
DA:281,1
DA:284,1
DA:285,3
DA:287,1
DA:289,1
DA:290,0
DA:291,0
DA:306,1
DA:308,1
DA:309,1
DA:310,1
DA:312,4
DA:313,1
DA:315,1
DA:317,1
DA:318,0
DA:319,0
DA:335,0
DA:337,0
DA:338,0
DA:339,0
DA:341,0
DA:343,0
DA:344,0
DA:345,0
DA:360,1
DA:363,1
DA:366,1
DA:367,3
DA:369,1
DA:371,1
DA:372,0
DA:373,0
DA:388,1
DA:390,1
DA:393,1
DA:394,3
DA:396,1
DA:398,1
DA:399,0
DA:400,0
DA:415,1
DA:417,1
DA:418,1
DA:419,1
DA:425,1
DA:426,1
DA:433,1
DA:434,1
DA:436,1
DA:437,1
DA:442,1
DA:443,1
DA:444,1
DA:445,0
DA:453,0
DA:455,0
DA:457,0
DA:465,1
DA:466,1
DA:470,1
DA:471,1
DA:476,0
DA:477,0
DA:478,0
DA:480,0
DA:481,0
DA:484,0
DA:485,0
DA:489,0
DA:490,0
DA:491,0
DA:492,0
DA:493,0
DA:494,0
DA:495,0
DA:496,0
DA:500,0
DA:501,0
DA:502,0
DA:503,0
LF:181
LH:94
end_of_record
SF:lib\asset\ga_page\edit_report_ga.dart
DA:32,1
DA:50,1
DA:51,1
DA:52,1
DA:56,1
DA:58,2
DA:59,4
DA:60,4
DA:61,4
DA:62,2
DA:63,2
DA:64,4
DA:65,4
DA:66,2
DA:67,2
DA:68,2
DA:69,2
DA:70,2
DA:71,2
DA:72,1
DA:75,0
DA:76,0
DA:77,0
DA:78,0
DA:79,0
DA:81,0
DA:82,0
DA:84,0
DA:85,0
DA:86,0
DA:87,0
DA:91,0
DA:95,0
DA:96,0
DA:97,0
DA:101,0
DA:112,0
DA:113,0
DA:116,0
DA:117,0
DA:119,0
DA:133,0
DA:134,0
DA:136,0
DA:142,0
DA:143,0
DA:144,0
DA:145,0
DA:146,0
DA:148,0
DA:149,0
DA:151,0
DA:152,0
DA:153,0
DA:154,0
DA:158,0
DA:162,0
DA:163,0
DA:164,0
DA:168,0
DA:179,0
DA:180,0
DA:183,0
DA:184,0
DA:186,0
DA:200,0
DA:201,0
DA:203,0
DA:209,1
DA:211,1
DA:212,1
DA:220,1
DA:225,0
DA:226,0
DA:230,1
DA:231,3
DA:232,1
DA:235,1
DA:239,1
DA:240,1
DA:241,1
DA:245,1
DA:247,1
DA:248,1
DA:249,1
DA:255,1
DA:256,1
DA:261,1
DA:263,1
DA:264,1
DA:265,1
DA:271,1
DA:272,1
DA:279,1
DA:281,1
DA:282,1
DA:283,1
DA:289,1
DA:290,1
DA:297,1
DA:299,1
DA:300,1
DA:301,1
DA:307,1
DA:308,1
DA:311,0
DA:312,0
DA:313,0
DA:314,0
DA:315,0
DA:317,0
DA:318,0
DA:327,0
DA:328,0
DA:329,0
DA:332,0
DA:333,0
DA:334,0
DA:335,0
DA:343,1
DA:345,1
DA:348,1
DA:349,3
DA:351,1
DA:353,1
DA:354,0
DA:355,0
DA:367,1
DA:369,1
DA:372,1
DA:373,3
DA:375,1
DA:377,1
DA:378,0
DA:379,0
DA:391,1
DA:393,1
DA:394,1
DA:395,1
DA:397,4
DA:398,1
DA:400,1
DA:402,1
DA:403,0
DA:404,0
DA:420,1
DA:422,2
DA:423,2
DA:424,1
DA:426,1
DA:428,1
DA:429,0
DA:430,0
DA:445,1
DA:448,1
DA:451,1
DA:452,3
DA:454,1
DA:456,1
DA:457,0
DA:458,0
DA:473,1
DA:475,1
DA:478,1
DA:479,3
DA:481,1
DA:483,1
DA:484,0
DA:485,0
DA:497,1
DA:499,1
DA:500,1
DA:501,1
DA:507,1
DA:508,1
DA:515,1
DA:516,1
DA:517,1
DA:518,1
DA:524,1
DA:525,1
DA:526,1
DA:527,0
DA:534,0
DA:536,0
DA:538,0
DA:546,1
DA:547,1
DA:549,1
DA:550,1
DA:555,1
DA:556,1
DA:557,1
DA:558,0
DA:565,0
DA:567,0
DA:569,0
DA:577,1
DA:578,1
DA:582,1
DA:583,1
DA:588,0
DA:589,0
DA:590,0
DA:591,0
DA:592,0
DA:593,0
DA:594,0
DA:595,0
DA:598,0
DA:599,0
DA:603,0
DA:604,0
DA:608,0
LF:214
LH:117
end_of_record
SF:lib\asset\ga_page\home_page_ga.dart
DA:7,5
DA:9,1
DA:10,1
DA:14,1
DA:16,1
DA:17,1
DA:25,1
DA:30,0
DA:31,0
DA:35,2
DA:36,1
DA:39,1
DA:41,1
DA:42,1
DA:43,1
DA:46,1
DA:47,1
DA:49,1
DA:50,1
DA:52,1
DA:53,1
DA:55,1
DA:56,1
DA:59,1
DA:62,1
DA:81,1
DA:83,1
DA:84,1
DA:86,1
DA:87,1
DA:89,1
DA:90,1
DA:93,1
DA:96,1
LF:34
LH:32
end_of_record
SF:lib\asset\ga_page\report_list_ga.dart
DA:17,5
DA:19,1
DA:20,1
DA:24,0
DA:25,0
DA:26,0
DA:33,0
DA:34,0
DA:36,0
DA:37,0
DA:42,1
DA:44,1
DA:45,1
DA:47,0
DA:48,0
DA:50,0
DA:51,0
DA:52,0
DA:55,0
DA:56,0
DA:58,0
DA:61,0
DA:62,0
DA:63,0
DA:64,0
DA:65,0
DA:66,0
DA:69,0
DA:70,0
DA:79,0
DA:80,0
DA:81,0
DA:83,0
DA:84,0
DA:85,0
DA:86,0
DA:90,0
DA:93,0
DA:94,0
DA:95,0
DA:96,0
DA:100,0
DA:110,0
DA:113,0
DA:114,0
DA:115,0
DA:116,0
DA:117,0
DA:118,0
DA:121,0
DA:122,0
DA:131,0
DA:132,0
DA:133,0
DA:135,0
DA:136,0
DA:137,0
DA:138,0
DA:142,0
DA:145,0
DA:146,0
DA:147,0
DA:148,0
DA:152,0
DA:162,0
DA:164,0
DA:165,0
DA:166,0
DA:167,0
DA:168,0
DA:173,0
DA:175,0
DA:181,0
DA:182,0
DA:183,0
DA:188,0
DA:190,0
DA:194,0
DA:195,0
DA:196,0
DA:197,0
DA:198,0
DA:206,0
DA:207,0
DA:208,0
DA:209,0
DA:210,0
DA:211,0
DA:212,0
DA:213,0
DA:214,0
DA:216,0
DA:217,0
DA:227,0
DA:228,0
DA:232,0
DA:234,0
DA:240,0
DA:241,0
DA:242,0
DA:258,1
DA:264,1
DA:265,1
DA:266,0
DA:267,0
DA:275,1
DA:277,1
DA:278,2
DA:279,1
DA:288,1
DA:289,0
DA:290,0
DA:298,0
DA:299,0
DA:300,0
DA:302,0
DA:305,0
DA:306,0
DA:307,0
DA:308,0
DA:309,0
DA:310,0
DA:313,0
DA:314,0
DA:323,0
DA:324,0
DA:325,0
DA:327,0
DA:328,0
DA:329,0
DA:330,0
DA:334,0
DA:337,0
DA:338,0
DA:339,0
DA:340,0
DA:344,0
DA:355,0
DA:358,0
DA:359,0
DA:360,0
DA:361,0
DA:362,0
DA:363,0
DA:366,0
DA:367,0
DA:376,0
DA:377,0
DA:378,0
DA:380,0
DA:381,0
DA:382,0
DA:383,0
DA:387,0
DA:390,0
DA:391,0
DA:392,0
DA:393,0
DA:397,0
DA:408,0
DA:411,0
DA:413,0
DA:414,0
DA:416,0
DA:418,0
DA:419,0
DA:420,0
DA:433,0
DA:436,0
DA:438,0
DA:439,0
DA:441,0
DA:443,0
DA:444,0
DA:445,0
DA:458,0
DA:461,0
DA:463,0
DA:464,0
DA:466,0
DA:468,0
DA:469,0
DA:470,0
DA:483,0
DA:486,0
DA:488,0
DA:489,0
DA:491,0
DA:493,0
DA:494,0
DA:495,0
DA:508,0
DA:511,0
DA:513,0
DA:514,0
DA:516,0
DA:518,0
DA:519,0
DA:520,0
DA:533,0
DA:536,0
DA:537,0
DA:547,0
DA:550,0
DA:551,0
DA:552,0
DA:553,0
DA:554,0
DA:555,0
DA:556,0
DA:567,0
DA:569,0
DA:570,0
DA:571,0
DA:576,0
DA:578,0
DA:584,0
DA:585,0
DA:586,0
DA:590,0
DA:591,0
DA:596,0
DA:598,0
DA:604,0
DA:605,0
DA:606,0
DA:607,0
DA:621,1
DA:623,0
DA:624,0
DA:627,1
DA:628,3
DA:629,1
DA:632,1
DA:636,1
DA:637,3
DA:638,3
DA:639,3
DA:640,0
DA:647,3
DA:648,3
DA:650,1
DA:651,0
DA:652,0
DA:653,1
DA:654,1
DA:655,2
DA:658,1
DA:659,1
DA:660,1
DA:661,1
DA:662,1
DA:666,1
DA:667,1
DA:668,1
DA:669,2
DA:670,1
DA:673,1
DA:678,1
DA:680,1
DA:681,1
DA:683,1
DA:684,1
DA:685,1
DA:686,1
DA:688,1
DA:689,1
DA:691,1
DA:693,1
DA:695,1
DA:696,1
DA:698,1
DA:700,1
DA:702,1
DA:704,1
DA:706,1
DA:707,1
DA:708,1
DA:709,1
DA:710,1
DA:713,1
DA:714,2
DA:715,1
DA:716,12
DA:725,1
LF:285
LH:67
end_of_record
SF:lib\asset\general_page\chart_page.dart
DA:11,0
DA:13,0
DA:14,0
DA:20,0
DA:22,0
DA:23,0
DA:25,0
DA:26,0
DA:30,0
DA:38,0
DA:43,0
DA:44,0
DA:48,0
DA:49,0
DA:50,0
DA:51,0
DA:52,0
DA:53,0
DA:54,0
DA:57,0
DA:60,0
DA:61,0
DA:62,0
DA:63,0
DA:71,0
DA:72,0
DA:74,0
DA:82,0
DA:83,0
DA:85,0
DA:87,0
DA:89,0
DA:91,0
DA:94,0
DA:96,0
DA:99,0
DA:102,0
DA:103,0
DA:104,0
DA:106,0
DA:108,0
DA:114,0
DA:115,0
DA:116,0
DA:117,0
DA:123,0
DA:131,0
DA:132,0
DA:133,0
DA:135,0
DA:136,0
DA:139,0
DA:142,0
DA:143,0
DA:144,0
DA:145,0
DA:153,0
DA:154,0
DA:156,0
DA:164,0
DA:165,0
DA:167,0
DA:169,0
DA:172,0
DA:175,0
DA:176,0
DA:177,0
DA:179,0
DA:185,0
DA:186,0
DA:187,0
DA:188,0
DA:194,0
DA:202,0
DA:203,0
DA:204,0
DA:208,0
DA:211,0
DA:212,0
DA:214,0
DA:215,0
DA:216,0
DA:219,0
DA:220,0
LF:84
LH:0
end_of_record
SF:lib\asset\general_page\print_csv.dart
DA:11,0
DA:14,4
DA:15,1
DA:17,1
DA:21,1
DA:23,1
DA:24,1
DA:25,1
DA:45,1
DA:47,1
DA:49,1
DA:57,1
DA:62,0
DA:63,0
DA:67,1
DA:68,2
DA:69,1
DA:70,1
DA:73,1
DA:78,1
DA:79,1
DA:80,1
DA:81,1
DA:86,1
DA:87,1
DA:88,1
DA:89,1
DA:90,0
DA:91,0
DA:92,0
DA:93,0
DA:94,0
DA:95,0
DA:96,0
DA:97,0
DA:98,0
DA:99,0
DA:100,0
DA:101,0
DA:102,0
DA:103,0
DA:104,0
DA:105,0
DA:106,0
DA:107,0
DA:109,0
DA:112,0
DA:117,0
DA:118,0
DA:119,0
DA:120,0
DA:125,2
DA:136,1
DA:142,0
DA:143,0
DA:144,0
DA:146,0
DA:152,0
DA:153,0
DA:154,0
DA:173,0
DA:174,0
DA:175,0
DA:176,0
DA:177,0
DA:178,0
DA:179,0
DA:180,0
DA:181,0
DA:182,0
DA:183,0
DA:184,0
DA:185,0
DA:186,0
DA:187,0
DA:188,0
DA:189,0
DA:190,0
DA:191,0
DA:194,0
DA:195,0
DA:196,0
DA:197,0
DA:199,0
DA:200,0
DA:201,0
LF:86
LH:26
end_of_record
SF:lib\maintenance\maintenance_auth_page\add_page_maintenance.dart
DA:15,4
DA:17,1
DA:18,1
DA:23,0
DA:24,0
DA:25,0
DA:26,0
DA:27,0
DA:29,0
DA:30,0
DA:31,0
DA:32,0
DA:36,0
DA:40,0
DA:41,0
DA:42,0
DA:46,0
DA:55,0
DA:56,0
DA:58,0
DA:64,1
DA:66,1
DA:67,1
DA:71,1
DA:76,0
DA:78,0
DA:79,0
DA:80,0
DA:81,0
DA:84,1
DA:86,0
DA:88,0
DA:89,0
DA:96,1
DA:97,1
DA:98,1
DA:99,1
DA:100,1
DA:103,1
DA:108,1
DA:109,1
DA:110,1
DA:111,1
DA:113,1
DA:114,1
DA:121,1
DA:122,1
DA:125,1
DA:126,0
DA:127,0
DA:132,1
DA:133,3
DA:135,0
DA:136,0
DA:138,0
DA:145,0
DA:147,0
DA:148,0
DA:152,1
DA:154,1
DA:155,1
DA:160,1
DA:161,1
DA:162,1
DA:163,0
DA:172,3
DA:173,0
DA:174,0
DA:175,0
DA:176,0
DA:178,0
DA:180,0
DA:182,0
DA:183,0
DA:184,0
DA:190,0
DA:191,0
DA:194,0
DA:198,1
DA:199,1
DA:203,1
DA:204,1
DA:207,1
DA:209,0
DA:211,0
DA:212,0
DA:213,0
DA:215,0
DA:218,0
DA:219,0
DA:220,0
DA:221,0
DA:223,0
DA:224,0
DA:225,0
DA:232,1
LF:96
LH:38
end_of_record
SF:lib\provider\add_maintenance.dart
DA:13,2
DA:15,1
DA:17,1
DA:18,1
DA:21,1
DA:22,1
DA:23,1
DA:26,1
DA:27,2
DA:28,1
DA:31,1
DA:32,2
DA:33,2
DA:34,1
DA:35,1
DA:38,1
DA:39,2
DA:40,3
DA:41,1
DA:44,1
DA:45,2
DA:46,2
DA:47,1
DA:50,1
DA:51,4
DA:52,0
DA:55,0
DA:56,0
DA:58,0
DA:59,0
DA:62,0
DA:63,0
DA:64,0
LF:33
LH:25
end_of_record
SF:lib\maintenance\maintenance_auth_page\home_page_maintenance.dart
DA:9,9
DA:11,1
DA:12,1
DA:16,1
DA:18,1
DA:19,1
DA:23,1
DA:28,0
DA:29,0
DA:32,1
DA:35,0
DA:36,0
DA:37,0
DA:40,2
DA:41,1
DA:44,1
DA:46,1
DA:47,1
DA:48,1
DA:51,1
DA:52,1
DA:54,1
DA:55,1
DA:57,1
DA:58,1
DA:60,1
DA:61,1
DA:64,1
DA:67,1
DA:86,1
DA:88,1
DA:89,1
DA:91,1
DA:92,1
DA:95,1
DA:96,1
DA:99,1
DA:102,1
LF:38
LH:33
end_of_record
SF:lib\maintenance\maintenance_general_page\scan_page.dart
DA:11,8
DA:13,1
DA:14,1
DA:19,1
DA:21,1
DA:22,1
DA:25,1
DA:30,0
DA:31,0
DA:32,0
DA:34,0
DA:37,2
DA:38,2
DA:39,1
DA:42,1
DA:46,1
DA:47,1
DA:49,1
DA:50,3
DA:52,2
DA:53,1
DA:54,1
DA:58,1
DA:59,1
DA:64,0
DA:65,0
DA:69,1
DA:70,1
DA:74,1
DA:75,1
DA:80,0
DA:81,0
DA:82,0
DA:83,0
DA:84,0
DA:85,0
LF:36
LH:24
end_of_record
SF:lib\provider\auth_user.dart
DA:10,2
DA:11,2
DA:14,2
DA:15,6
DA:16,2
DA:19,1
DA:21,1
DA:22,1
DA:24,2
DA:28,2
DA:29,1
DA:30,0
DA:31,0
DA:32,0
DA:33,0
DA:34,0
DA:37,1
DA:38,1
DA:39,1
DA:43,1
DA:44,2
DA:45,1
DA:46,1
DA:49,4
LF:24
LH:19
end_of_record
SF:lib\maintenance\maintenance_auth_page\info_page.dart
DA:11,0
DA:13,0
DA:15,0
DA:16,0
DA:20,0
DA:25,0
DA:26,0
DA:30,0
DA:31,0
DA:32,0
DA:33,0
DA:34,0
DA:36,0
DA:38,0
DA:39,0
DA:40,0
DA:43,0
DA:48,0
DA:49,0
DA:51,0
DA:52,0
DA:53,0
DA:56,0
DA:61,0
DA:62,0
DA:63,0
DA:69,0
DA:85,0
DA:88,0
DA:89,0
DA:105,0
DA:108,0
DA:109,0
DA:115,0
DA:118,0
DA:122,0
DA:131,0
DA:132,0
DA:134,0
DA:135,0
DA:136,0
DA:151,0
DA:157,0
LF:43
LH:0
end_of_record
SF:lib\maintenance\maintenance_auth_page\update_spec_page.dart
DA:16,0
DA:18,0
DA:19,0
DA:23,0
DA:24,0
DA:25,0
DA:26,0
DA:27,0
DA:29,0
DA:30,0
DA:31,0
DA:32,0
DA:36,0
DA:40,0
DA:41,0
DA:42,0
DA:46,0
DA:55,0
DA:56,0
DA:58,0
DA:64,0
DA:66,0
DA:67,0
DA:71,0
DA:76,0
DA:77,0
DA:80,0
DA:82,0
DA:84,0
DA:85,0
DA:92,0
DA:93,0
DA:94,0
DA:95,0
DA:96,0
DA:99,0
DA:104,0
DA:105,0
DA:106,0
DA:107,0
DA:108,0
DA:109,0
DA:110,0
DA:111,0
DA:113,0
DA:115,0
DA:117,0
DA:118,0
DA:119,0
DA:125,0
DA:126,0
DA:129,0
DA:133,0
DA:134,0
DA:136,0
DA:137,0
DA:142,0
DA:143,0
DA:144,0
DA:145,0
DA:153,0
DA:154,0
DA:156,0
DA:163,0
DA:165,0
DA:166,0
DA:171,0
DA:172,0
DA:176,0
DA:177,0
DA:180,0
DA:182,0
DA:183,0
DA:185,0
DA:186,0
DA:187,0
DA:189,0
DA:192,0
DA:193,0
DA:200,0
LF:80
LH:0
end_of_record
SF:lib\provider\list_mantenance.dart
DA:8,1
DA:9,1
DA:10,1
DA:11,1
DA:12,1
DA:13,1
DA:14,0
DA:15,0
DA:16,0
DA:17,0
DA:19,0
LF:11
LH:6
end_of_record
SF:lib\provider\edit_maintenance.dart
DA:16,2
DA:18,1
DA:20,1
DA:21,1
DA:24,1
DA:25,1
DA:26,1
DA:27,1
DA:30,1
DA:32,6
DA:33,1
DA:34,1
DA:35,2
DA:36,1
DA:37,4
DA:38,4
DA:39,2
DA:40,5
DA:42,1
DA:43,1
DA:45,0
DA:47,1
DA:50,1
DA:51,2
DA:52,1
DA:53,1
DA:54,1
DA:57,1
DA:58,2
DA:59,3
DA:60,1
DA:63,1
DA:64,2
DA:65,2
DA:66,1
DA:67,3
DA:68,2
DA:69,3
DA:72,1
DA:73,1
DA:76,1
DA:77,1
DA:78,3
DA:79,1
DA:82,1
DA:83,1
DA:86,0
DA:88,0
DA:89,0
DA:90,0
DA:92,0
DA:95,0
DA:96,0
DA:97,0
DA:98,0
DA:100,0
DA:101,0
DA:102,0
LF:58
LH:45
end_of_record
SF:lib\maintenance\maintenance_general_page\auth_page.dart
DA:12,5
DA:14,1
DA:15,1
DA:19,0
DA:20,0
DA:21,0
DA:24,1
DA:26,1
DA:27,1
DA:31,1
DA:36,0
DA:37,0
DA:41,1
DA:42,1
DA:43,2
DA:44,1
DA:47,1
DA:49,1
DA:50,1
DA:51,1
DA:54,1
DA:62,1
DA:64,1
DA:65,1
DA:66,1
DA:72,1
DA:73,1
DA:77,1
DA:79,1
DA:81,1
DA:82,1
DA:88,1
DA:89,1
DA:96,1
DA:98,1
DA:99,1
DA:100,1
DA:106,1
DA:107,1
DA:108,1
DA:110,0
DA:111,0
DA:112,0
DA:113,0
DA:114,0
DA:115,0
DA:117,0
DA:118,0
DA:121,0
DA:130,1
DA:132,1
DA:137,1
DA:138,1
DA:144,1
DA:145,1
DA:147,1
DA:148,1
LF:57
LH:43
end_of_record
SF:lib\maintenance\maintenance_guest_page\home_page_maintenance_guest.dart
DA:6,5
DA:8,1
DA:10,1
DA:14,1
DA:16,1
DA:17,1
DA:21,1
DA:26,0
DA:27,0
DA:31,2
DA:32,1
DA:35,1
DA:37,1
DA:38,1
DA:40,1
DA:41,1
DA:43,1
DA:44,1
DA:46,1
DA:47,1
DA:50,1
DA:52,1
LF:22
LH:20
end_of_record
SF:lib\maintenance\maintenance_guest_page\info_page_guest.dart
DA:10,0
DA:12,0
DA:14,0
DA:15,0
DA:19,0
DA:24,0
DA:25,0
DA:29,0
DA:30,0
DA:31,0
DA:32,0
DA:33,0
DA:35,0
DA:37,0
DA:38,0
DA:39,0
DA:42,0
DA:47,0
DA:48,0
DA:50,0
DA:51,0
DA:52,0
DA:55,0
DA:60,0
DA:61,0
DA:62,0
DA:68,0
DA:84,0
DA:87,0
DA:88,0
DA:104,0
DA:107,0
DA:108,0
DA:119,0
DA:125,0
LF:35
LH:0
end_of_record
SF:lib\selection_page.dart
DA:10,5
DA:12,1
DA:13,1
DA:17,1
DA:19,1
DA:21,2
DA:22,1
DA:25,1
DA:27,1
DA:28,2
DA:30,1
DA:31,1
DA:33,1
DA:34,1
DA:36,1
DA:37,1
DA:39,1
DA:40,1
DA:43,1
DA:46,1
DA:61,1
DA:62,1
DA:64,1
DA:65,2
DA:66,0
DA:68,0
DA:69,0
DA:71,1
DA:73,1
DA:74,1
DA:76,1
DA:77,1
DA:80,1
DA:83,1
LF:34
LH:31
end_of_record
SF:lib\splash_screen.dart
DA:9,1
DA:11,1
DA:12,1
DA:16,1
DA:18,1
DA:19,1
DA:21,2
DA:22,3
DA:25,1
DA:27,1
DA:28,1
DA:29,1
DA:30,1
DA:33,1
DA:38,1
DA:40,1
LF:16
LH:16
end_of_record
